version: 1




#!RESULT OK
#!CONNECTION ldap://192.168.30.102:389
#!DATE 2019-02-21T11:20:30.314
dn: ou=inner,dc=greenlandfinancial,dc=com
objectClass: top
objectClass: organizationalUnit
ou: inner

#!RESULT OK
#!CONNECTION ldap://192.168.30.102:389
#!DATE 2019-02-21T11:20:30.323
dn: ou=groups,dc=greenlandfinancial,dc=com
objectClass: top
objectClass: organizationalUnit
ou: groups

#!RESULT OK
#!CONNECTION ldap://192.168.30.102:389
#!DATE 2019-02-21T11:20:30.346
dn: ou=people,dc=greenlandfinancial,dc=com
objectClass: top
objectClass: organizationalUnit
ou: people

#!RESULT OK
#!CONNECTION ldap://192.168.30.102:389
#!DATE 2019-02-21T11:20:30.355
dn: cn=django-agent,dc=greenlandfinancial,dc=com
objectClass: organizationalRole
objectClass: simpleSecurityObject
cn: django-agent
userPassword: {SHA512}eDzbznn6sJxt6gi/KQGcwp+6/RBWbM3AtaWJEcTCaVz30wRPcV0dDA
 TVT2Vf029LE9Hx3CT+nU3Lwl0ZoniYsg==
description: LDAP administrator

#!RESULT OK
#!CONNECTION ldap://192.168.30.102:389
#!DATE 2019-02-21T11:20:30.364
dn: ou=organization,dc=greenlandfinancial,dc=com
objectClass: top
objectClass: organizationalUnit
ou: organization

#!RESULT OK
#!CONNECTION ldap://192.168.30.102:389
#!DATE 2019-02-21T11:20:30.372
dn: ou=jpos,ou=inner,dc=greenlandfinancial,dc=com
objectClass: top
objectClass: organizationalUnit
ou: jpos

#!RESULT OK
#!CONNECTION ldap://192.168.30.102:389
#!DATE 2019-02-21T11:20:30.380
dn: ou=jenkins,ou=inner,dc=greenlandfinancial,dc=com
objectClass: top
objectClass: organizationalUnit
ou: jenkins

#!RESULT OK
#!CONNECTION ldap://192.168.30.102:389
#!DATE 2019-02-21T11:20:30.389
dn: cn=users,ou=jpos,ou=inner,dc=greenlandfinancial,dc=com
objectClass: top
objectClass: groupOfUniqueNames
cn: users
uniqueMember: cn=18621509910,ou=people,dc=greenlandfinancial,dc=com

#!RESULT OK
#!CONNECTION ldap://192.168.30.102:389
#!DATE 2019-02-21T11:20:30.398
dn: cn=sa,ou=jenkins,ou=inner,dc=greenlandfinancial,dc=com
objectClass: top
objectClass: groupOfNames
cn: sa
member: cn=jiyuan@greenlandfinancial.com,ou=people,dc=greenlandfinancial,dc=
 com
member: cn=luochunhui@greenlandfinancial.com,ou=people,dc=greenlandfinancial
 ,dc=com

#!RESULT OK
#!CONNECTION ldap://192.168.30.102:389
#!DATE 2019-02-21T11:20:30.406
dn: cn=admin,ou=jenkins,ou=inner,dc=greenlandfinancial,dc=com
objectClass: top
objectClass: groupOfNames
cn: admin
member: cn=jiyuan@greenlandfinancial.com,ou=people,dc=greenlandfinancial,dc=
 com
member: cn=luochunhui@greenlandfinancial.com,ou=people,dc=greenlandfinancial
 ,dc=com

#!RESULT OK
#!CONNECTION ldap://192.168.30.102:389
#!DATE 2019-02-21T11:20:30.416
dn: cn=tester,ou=jenkins,ou=inner,dc=greenlandfinancial,dc=com
objectClass: top
objectClass: groupOfNames
cn: tester
member: cn=jiyuan@greenlandfinancial.com,ou=people,dc=greenlandfinancial,dc=
 com
member: cn=luochunhui@greenlandfinancial.com,ou=people,dc=greenlandfinancial
 ,dc=com

#!RESULT OK
#!CONNECTION ldap://192.168.30.102:389
#!DATE 2019-02-21T11:20:30.425
dn: cn=developer,ou=jenkins,ou=inner,dc=greenlandfinancial,dc=com
objectClass: top
objectClass: groupOfNames
cn: developer
member: cn=jiyuan@greenlandfinancial.com,ou=people,dc=greenlandfinancial,dc=
 com
member: cn=luochunhui@greenlandfinancial.com,ou=people,dc=greenlandfinancial
 ,dc=com

#!RESULT OK
#!CONNECTION ldap://192.168.30.102:389
#!DATE 2019-02-21T11:20:30.435
dn: cn=staff,ou=groups,dc=greenlandfinancial,dc=com
objectClass: top
objectClass: groupOfNames
cn: staff
member: cn=jiyuan@greenlandfinancial.com,ou=people,dc=greenlandfinancial,dc=
 com
member: cn=luochunhui@greenlandfinancial.com,ou=people,dc=greenlandfinancial
 ,dc=com
member: cn=wangxiaoqiang@greenlandfinancial.com,ou=people,dc=greenlandfinanc
 ial,dc=com

#!RESULT OK
#!CONNECTION ldap://192.168.30.102:389
#!DATE 2019-02-21T11:20:30.445
dn: cn=active,ou=groups,dc=greenlandfinancial,dc=com
objectClass: top
objectClass: groupOfNames
cn: active
member: cn=luochunhui@greenlandfinancial.com,ou=people,dc=greenlandfinancial
 ,dc=com

#!RESULT OK
#!CONNECTION ldap://192.168.30.102:389
#!DATE 2019-02-21T11:20:30.453
dn: cn=group2,ou=groups,dc=greenlandfinancial,dc=com
objectClass: top
objectClass: posixGroup
cn: group2
gidNumber: 1
memberUid: 5001

#!RESULT OK
#!CONNECTION ldap://192.168.30.102:389
#!DATE 2019-02-21T11:20:30.463
dn: ou=django,ou=groups,dc=greenlandfinancial,dc=com
objectClass: top
objectClass: organizationalUnit
ou: django

#!RESULT OK
#!CONNECTION ldap://192.168.30.102:389
#!DATE 2019-02-21T11:20:30.472
dn: cn=disabled,ou=groups,dc=greenlandfinancial,dc=com
objectClass: top
objectClass: groupOfNames
cn: disabled
member: cn=anonymous,ou=people,dc=greenlandfinancial,dc=com

#!RESULT OK
#!CONNECTION ldap://192.168.30.102:389
#!DATE 2019-02-21T11:20:30.482
dn: cn=superuser,ou=django,ou=groups,dc=greenlandfinancial,dc=com
objectClass: top
objectClass: groupOfNames
cn: superuser
member: cn=luochunhui@greenlandfinancial.com,ou=people,dc=greenlandfinancial
 ,dc=com

#!RESULT OK
#!CONNECTION ldap://192.168.30.102:389
#!DATE 2019-02-21T11:20:30.492
dn: cn=jiyuan@greenlandfinancial.com,ou=people,dc=greenlandfinancial,dc=com
objectClass: simpleSecurityObject
objectClass: top
objectClass: person
objectClass: organizationalPerson
objectClass: inetOrgPerson
cn: jiyuan@greenlandfinancial.com
sn: Ji Yuan
userPassword: {MD5}fVVZumIxNWObBV9N6WGHzQ==
carLicense: 221234
description:: 5LiA5Liq5aW95Lq6
displayName:: 6buE56yR5rOi
mail: jiyuan@greenlandfinancial.com
mobile: 18877187712

#!RESULT OK
#!CONNECTION ldap://192.168.30.102:389
#!DATE 2019-02-21T11:20:30.512
dn: cn=luochunhui@greenlandfinancial.com,ou=people,dc=greenlandfinancial,dc=
 com
objectClass: simpleSecurityObject
objectClass: top
objectClass: person
objectClass: organizationalPerson
objectClass: inetOrgPerson
cn: luochunhui@greenlandfinancial.com
sn: Chunhui
userPassword: {MD5}XZkE1s4aZVh9QtpYJjVT1g==
carLicense: 202wWudn3WL3d8T2s4t8s55AWHcw0yT0B6eZgaRtcna9EA2ht
description: Hello
displayName:: 572X5pil5pmW
mail: luochunhui@greenlandfinancial.com
mobile: 18621509910


#!RESULT OK
#!CONNECTION ldap://192.168.30.102:389
#!DATE 2019-02-21T11:20:30.521
dn: cn=wangxiaoqiang@greenlandfinancial.com,ou=people,dc=greenlandfinancial,
 dc=com
objectClass: person
objectClass: organizationalPerson
objectClass: inetOrgPerson
cn: wangxiaoqiang@greenlandfinancial.com
sn: wangxiaoqiang@greenlandfinancial.com
userPassword: {SSHA}XDhIt23UfYuH9sIaK8snbSD9ZKEx7GtO

#!RESULT OK
#!CONNECTION ldap://192.168.30.102:389
#!DATE 2019-02-21T11:20:30.529
dn: ou=tee,ou=organization,dc=greenlandfinancial,dc=com
objectClass: top
objectClass: organizationalUnit
ou: tee

#!RESULT OK
#!CONNECTION ldap://192.168.30.102:389
#!DATE 2019-02-21T11:20:30.539
dn: cn=admin,ou=organization,dc=greenlandfinancial,dc=com
objectClass: organizationalRole
objectClass: simpleSecurityObject
cn: admin
userPassword: {SSHA}+tfo2Z54LFimPa24g1v0IAH092maufMc
description: LDAP administrator

#!RESULT OK
#!CONNECTION ldap://192.168.30.102:389
#!DATE 2019-02-21T11:20:30.553
dn: ou=settlement,ou=organization,dc=greenlandfinancial,dc=com
objectClass: top
objectClass: organizationalUnit
ou: settlement

